1555158062619	geckodriver	INFO	geckodriver 0.20.1
1555158062658	geckodriver	INFO	Listening on 127.0.0.1:53768
1555158065828	mozrunner::runner	INFO	Running command: "C:\\Program Files\\Firefox Developer Edition\\firefox.exe" "-marionette" "-profile" "C:\\Users\\mrl\\AppData\\Local\\Temp\\rust_mozprofile.XigA1pz7R9B1"
Unable to read VR Path Registry from C:\Users\mrl\AppData\Local\openvr\openvrpaths.vrpath
Unable to read VR Path Registry from C:\Users\mrl\AppData\Local\openvr\openvrpaths.vrpath
Unable to read VR Path Registry from C:\Users\mrl\AppData\Local\openvr\openvrpaths.vrpath
Unable to read VR Path Registry from C:\Users\mrl\AppData\Local\openvr\openvrpaths.vrpath
Unable to read VR Path Registry from C:\Users\mrl\AppData\Local\openvr\openvrpaths.vrpath
1555158068910	Marionette	INFO	Listening on port 53780
1555158069009	Marionette	WARN	TLS certificate errors will be ignored for this session
JavaScript error: https://ss1.bdstatic.com/5eN1bjq8AAUYm2zgoY3K/r/www/cache/static/protocol/https/plugins/every_cookie_4644b13.js, line 4: ReferenceError: c is not defined
[Parent 8060, Gecko_IOThread] WARNING: pipe error: 109: file z:/build/build/src/ipc/chromium/src/chrome/common/ipc_channel_win.cc, line 346
[Child 15076, Chrome_ChildThread] WARNING: pipe error: 109: file z:/build/build/src/ipc/chromium/src/chrome/common/ipc_channel_win.cc, line 346
[C[Chihild 6912,ld  15076Chrom, Che_ChromeildT_ChihrealdThd] Wread]ARNI WARNG: NINGpipe: pi errpe eor: 1rror09: : 10file9: f z:/ile builz:/bd/buuildild//buisrc/ld/src/ipc/chromium/src/chrome/common/ipc_channel_win.cc, line 346
ipc/chromium/src/chrome/common/ipc_channel_win.cc, line 346
[Child 6912, Chrome_ChildThread] WARNING: pipe error: 109: file z:/build/build/src/ipc/chromium/src/chrome/common/ipc_channel_win.cc, line 346
[Parent 8060, Gecko_IOThread] WARNING: pipe error: 109: file z:/build/build/src/ipc/chromium/src/chrome/common/ipc_channel_win.cc, line 346
[Child 14236, Chrome_ChildThread] WARNING: pipe error: 109: file z:/build/build/src/ipc/chromium/src/chrome/common/ipc_channel_win.cc, line 346
[Child 14236, Chrome_ChildThread] WARNING: pipe error: 109: file z:/build/build/src/ipc/chromium/src/chrome/common/ipc_channel_win.cc, line 346
*** UTM:SVC TimerManager:registerTimer called after profile-before-change notification. Ignoring timer registration for id: telemetry_modules_ping
[GPU 9536, Chrome_
###!!! [Child][MessageChannel::SendAndWait] Error: Channel error: cannot send/recv

1555158172250	geckodriver	INFO	geckodriver 0.20.1
1555158172260	geckodriver	INFO	Listening on 127.0.0.1:54034
1555158175303	mozrunner::runner	INFO	Running command: "C:\\Program Files\\Firefox Developer Edition\\firefox.exe" "-marionette" "-profile" "C:\\Users\\mrl\\AppData\\Local\\Temp\\rust_mozprofile.mgYTpXvyLcDL"
Unable to read VR Path Registry from C:\Users\mrl\AppData\Local\openvr\openvrpaths.vrpath
Unable to read VR Path Registry from C:\Users\mrl\AppData\Local\openvr\openvrpaths.vrpath
Unable to read VR Path Registry from C:\Users\mrl\AppData\Local\openvr\openvrpaths.vrpath
Unable to read VR Path Registry from C:\Users\mrl\AppData\Local\openvr\openvrpaths.vrpath
Unable to read VR Path Registry from C:\Users\mrl\AppData\Local\openvr\openvrpaths.vrpath
1555158177207	Marionette	INFO	Listening on port 54046
1555158177352	Marionette	WARN	TLS certificate errors will be ignored for this session
JavaScript error: https://ss1.bdstatic.com/5eN1bjq8AAUYm2zgoY3K/r/www/cache/static/protocol/https/plugins/every_cookie_4644b13.js, line 4: ReferenceError: c is not defined

###!!! [Child][MessageChannel] Error: (msgtype=0x550027,name=PNecko::Msg_RemoveRequestContext) Channel closing: too late to send/recv, messages will be lost

[Child 12960, Chrome_ChildThread] WARNING: pipe error: 109: file z:/build/build/src/ipc/chromium/src/chrome/common/ipc_channel_win.cc, line 346
[Child 12960, Chrome_Chil*** UTM:SVC TimerManager:registerTimer called after profile-before-change notification. Ignoring timer registration for id: telemetry_modules_ping
[GPU 8360, Ch
###!!! [Child][MessageChannel::SendAndWait] Error: Channel error: cannot send/recv

1555158253739	geckodriver	INFO	geckodriver 0.20.1
1555158253749	geckodriver	INFO	Listening on 127.0.0.1:54212
1555158256791	mozrunner::runner	INFO	Running command: "C:\\Program Files\\Firefox Developer Edition\\firefox.exe" "-marionette" "-profile" "C:\\Users\\mrl\\AppData\\Local\\Temp\\rust_mozprofile.8wxZZAvz9Saa"
Unable to read VR Path Registry from C:\Users\mrl\AppData\Local\openvr\openvrpaths.vrpath
Unable to read VR Path Registry from C:\Users\mrl\AppData\Local\openvr\openvrpaths.vrpath
Unable to read VR Path Registry from C:\Users\mrl\AppData\Local\openvr\openvrpaths.vrpath
Unable to read VR Path Registry from C:\Users\mrl\AppData\Local\openvr\openvrpaths.vrpath
Unable to read VR Path Registry from C:\Users\mrl\AppData\Local\openvr\openvrpaths.vrpath
1555158258686	Marionette	INFO	Listening on port 54223
1555158258833	Marionette	WARN	TLS certificate errors will be ignored for this session
JavaScript error: https://ss1.bdstatic.com/5eN1bjq8AAUYm2zgoY3K/r/www/cache/static/protocol/https/plugins/every_cookie_4644b13.js, line 4: ReferenceError: c is not defined
[Parent 9068, Gecko_IOThread] WARNING: pipe error: 109: file z:/build/build/src/ipc/chromium/src/chrome/common/ipc_channel_win.cc, line 346
[Parent 9068, Gecko_IOThread] WARNING: pipe error: 109: file z:/build/build/src/ipc/chromium/src/chrome/common/ipc_channel_win.cc, line 346
*** UTM:SVC TimerManager:registerTimer called after profile-before-change notification. Ignoring timer registration for id: telemetry_modules_ping
[GPU 752, Chro
###!!! [Child][MessageChannel::SendAndWait] Error: Channel error: cannot send/recv

1555160899338	geckodriver	INFO	geckodriver 0.20.1
1555160899352	geckodriver	INFO	Listening on 127.0.0.1:57961
1555160902471	mozrunner::runner	INFO	Running command: "C:\\Program Files\\Firefox Developer Edition\\firefox.exe" "-marionette" "-profile" "C:\\Users\\mrl\\AppData\\Local\\Temp\\rust_mozprofile.zQqQbawojZ72"
Unable to read VR Path Registry from C:\Users\mrl\AppData\Local\openvr\openvrpaths.vrpath
Unable to read VR Path Registry from C:\Users\mrl\AppData\Local\openvr\openvrpaths.vrpath
Unable to read VR Path Registry from C:\Users\mrl\AppData\Local\openvr\openvrpaths.vrpath
Unable to read VR Path Registry from C:\Users\mrl\AppData\Local\openvr\openvrpaths.vrpath
Unable to read VR Path Registry from C:\Users\mrl\AppData\Local\openvr\openvrpaths.vrpath
1555160906481	Marionette	INFO	Listening on port 57972
1555160906605	Marionette	WARN	TLS certificate errors will be ignored for this session
JavaScript error: https://ss1.bdstatic.com/5eN1bjq8AAUYm2zgoY3K/r/www/cache/static/protocol/https/plugins/every_cookie_4644b13.js, line 4: ReferenceError: c is not defined
[Parent 1888, Gecko_IOThread] WARNING: pipe error: 109: file z:/build/build/src/ipc/chromium/src/chrome/common/ipc_channel_win.cc, line 346
[Parent 1888, Gecko_IOThread] WARNING: pipe error: 109: file z:/build/build/src/ipc/chromium/src/chrome/common/ipc_channel_win.cc, line 346
[Child 12364, Chrome_ChildThread] WARNING: pipe error: 109: file z:/build/build/src/ipc/chromium/src/chrome/common/ipc_channel_win.cc, line 346
[C
###!!! [Child][RunMessage] Error: Channel closing: too late to send/recv, messages will be lost


###!!! [Child][RunMessage] Error: Channel closing: too late to send/recv, messages will be lost

[Child 2404, Chrome_ChildThread] WARNING: pi[Parent 1888, Gecko_IOThread] WARNING: pipe error: 109: file z:/build/build/src/ipc/chromium/src/chrome/common/ipc_channel_win.cc, line 346
[Child 1684, Chrome_ChildThread] WARNING: pipe error: 109: file z:/build/build/src/ipc/chromium/src/chrome/common/ipc_channel_win.cc, line 346
[Child 1684, Chrome_ChildThr*** UTM:SVC TimerManager:registerTimer called after profile-before-change notification. Ignoring timer registration for id: telemetry_modules_ping
[GPU 10344, 
###!!! [Child][MessageChannel::SendAndWait] Error: Channel error: cannot send/recv

