1555686402116	geckodriver	INFO	geckodriver 0.20.1
1555686402157	geckodriver	INFO	Listening on 127.0.0.1:54382
1555686405301	mozrunner::runner	INFO	Running command: "C:\\Program Files\\Firefox Developer Edition\\firefox.exe" "-marionette" "-profile" "C:\\Users\\mrl\\AppData\\Local\\Temp\\rust_mozprofile.cpz8P80k2sfW"
Unable to read VR Path Registry from C:\Users\mrl\AppData\Local\openvr\openvrpaths.vrpath
Unable to read VR Path Registry from C:\Users\mrl\AppData\Local\openvr\openvrpaths.vrpath
Unable to read VR Path Registry from C:\Users\mrl\AppData\Local\openvr\openvrpaths.vrpath
Unable to read VR Path Registry from C:\Users\mrl\AppData\Local\openvr\openvrpaths.vrpath
Unable to read VR Path Registry from C:\Users\mrl\AppData\Local\openvr\openvrpaths.vrpath
1555686408385	Marionette	INFO	Listening on port 54391
1555686408491	Marionette	WARN	TLS certificate errors will be ignored for this session
[Parent 10612, Gecko_IOThread] WARNING: pipe error: 109: file z:/build/build/src/ipc/chromium/src/chrome/common/ipc_channel_win.cc, line 346
[Child 11084, Chrome_ChildThread] WARNING: pipe error: 109: file z:/build/build/src/ipc/chromium/src/chrome/common/ipc_channel_win.cc, line 346
[Child 11084, Chrome_ChildThread] WARNING: pipe error: 109: file z:/build/build/src/ipc/chromium/src/chrome/common/ipc_channel_win.cc, line 346
[Parent 10612, Gecko_IOThread] WARNING: pipe error: 109: file z:/build/build/src/ipc/chromium/src/chrome/common/ipc_channel_win.cc, line 346
[Child 5220, Chrome_ChildThread] WARNING: pipe error: 109: file z:/build/build/src/ipc/chromium/src/chrome/common/ipc_channel_win.cc, line 346
[Child 5220, Chrome_ChildThread] WARNING: pipe error: 109: file z:/build/build/src/ipc/chromium/src/chrome/common/ipc_channel_win.cc, line 346
[Parent 10612, Gecko_IOThread] WARNING: pipe error: 109: file z:/build/build/src/ipc/chromium/src/chrome/common/ipc_channel_win.cc, line 346
[Child 15932, Chrome_ChildThread] WARNING: pipe error: 109: file z:/build/build/src/ipc/chromium/src/chrome/common/ipc_channel_win.cc, line 346
[Child 15932, Chrome_ChildThre*** UTM:SVC TimerManager:registerTimer called after profile-before-change notification. Ignoring timer registration for id: telemetry_modules_ping

###!!! [Child][MessageChannel::SendAndWait] Error: Channel error: cannot send/recv

1555689809646	geckodriver	INFO	geckodriver 0.20.1
1555689809658	geckodriver	INFO	Listening on 127.0.0.1:50767
1555689812700	mozrunner::runner	INFO	Running command: "C:\\Program Files\\Firefox Developer Edition\\firefox.exe" "-marionette" "-profile" "C:\\Users\\mrl\\AppData\\Local\\Temp\\rust_mozprofile.l94kjk1tQwSS"
Unable to read VR Path Registry from C:\Users\mrl\AppData\Local\openvr\openvrpaths.vrpath
Unable to read VR Path Registry from C:\Users\mrl\AppData\Local\openvr\openvrpaths.vrpath
Unable to read VR Path Registry from C:\Users\mrl\AppData\Local\openvr\openvrpaths.vrpath
Unable to read VR Path Registry from C:\Users\mrl\AppData\Local\openvr\openvrpaths.vrpath
Unable to read VR Path Registry from C:\Users\mrl\AppData\Local\openvr\openvrpaths.vrpath
1555689814855	Marionette	INFO	Listening on port 50776
1555689815820	Marionette	WARN	TLS certificate errors will be ignored for this session
[Child 3600, Chrome_ChildThread] WARNING: pipe error: 109: file z:/build/build/src/ipc/chromium/src/chrome/common/ipc_channel_win.cc, line 346
[Child 3600, Chrom[Parent 7060, Gecko_IOThread] WARNING: pipe error: 109: file z:/build/build/src/ipc/chromium/src/chrome/common/ipc_channel_win.cc, line 346
[Parent 7060, Gecko_IOThread] WARNING: pipe error: 109: file z:/build/build/src/ipc/chromium/src/chrome/common/ipc_channel_win.cc, line 346
[Child 17428, Chrome_ChildThread] WARNING: pipe error: 109: file z:/build/build/src/ipc/chromium/src/chrome/common/ipc_channel_win.cc, line 346
[Child 17428, Chrome_ChildThread] WARNING: pipe error: 109: file z:/build/build/src/ipc/chromium/src/chrome/common/ipc_channel_win*** UTM:SVC TimerManager:registerTimer called after profile-before-change notification. Ignoring timer registration for id: telemetry_modules_ping
[
###!!! [Child][MessageChannel::SendAndWait] Error: Channel error: cannot send/recv

1555689963665	geckodriver	INFO	geckodriver 0.20.1
1555689963676	geckodriver	INFO	Listening on 127.0.0.1:50933
1555689966701	mozrunner::runner	INFO	Running command: "C:\\Program Files\\Firefox Developer Edition\\firefox.exe" "-marionette" "-profile" "C:\\Users\\mrl\\AppData\\Local\\Temp\\rust_mozprofile.zCPd3FXcfexK"
Unable to read VR Path Registry from C:\Users\mrl\AppData\Local\openvr\openvrpaths.vrpath
Unable to read VR Path Registry from C:\Users\mrl\AppData\Local\openvr\openvrpaths.vrpath
Unable to read VR Path Registry from C:\Users\mrl\AppData\Local\openvr\openvrpaths.vrpath
Unable to read VR Path Registry from C:\Users\mrl\AppData\Local\openvr\openvrpaths.vrpath
Unable to read VR Path Registry from C:\Users\mrl\AppData\Local\openvr\openvrpaths.vrpath
1555689968708	Marionette	INFO	Listening on port 50942
1555689968735	Marionette	WARN	TLS certificate errors will be ignored for this session
[Parent 10296, Gecko_IOThread] WARNING: pipe error: 109: file z:/build/build/src/ipc/chromium/src/chrome/common/ipc_channel_win.cc, line 346
[Child 17248, Chrome_ChildThread] WARNING: pipe error: 109: file z:/build/build/src/ipc/chromium/src/chrome/common/ipc_channel_win.cc, line 346
[Child 17248,[Parent 10296, Gecko_IOThread] WARNING: pipe error: 109: file z:/build/build/src/ipc/chromium/src/chrome/common/ipc_channel_win.cc, line 346
[Parent 10296, Gecko_IOThread] WARNING: pipe error: 109: file z:/build/build/src/ipc/chromium/src/chrome/common/ipc_channel_win.cc, line 346
[Child 5156, Chrome_ChildThread] WARNING: pipe error: 109: file z:/build/build/src/ipc/chromium/src/chrome/common/ipc_channel_win.cc, line 346
[Child 5156, Chrome_ChildThread*** UTM:SVC TimerManager:registerTimer called after profile-before-change notification. Ignoring timer registration for id: telemetry_modules_ping
[GPU 12284, 
###!!! [Child][MessageChannel::SendAndWait] Error: Channel error: cannot send/recv

1556198182965	geckodriver	INFO	geckodriver 0.20.1
1556198182973	geckodriver	INFO	Listening on 127.0.0.1:53651
1556198186017	mozrunner::runner	INFO	Running command: "C:\\Program Files\\Firefox Developer Edition\\firefox.exe" "-marionette" "-profile" "C:\\Users\\mrl\\AppData\\Local\\Temp\\rust_mozprofile.k36aKzsL1pnG"
Unable to read VR Path Registry from C:\Users\mrl\AppData\Local\openvr\openvrpaths.vrpath
Unable to read VR Path Registry from C:\Users\mrl\AppData\Local\openvr\openvrpaths.vrpath
Unable to read VR Path Registry from C:\Users\mrl\AppData\Local\openvr\openvrpaths.vrpath
Unable to read VR Path Registry from C:\Users\mrl\AppData\Local\openvr\openvrpaths.vrpath
Unable to read VR Path Registry from C:\Users\mrl\AppData\Local\openvr\openvrpaths.vrpath
1556198187950	Marionette	INFO	Listening on port 53659
1556198188328	Marionette	WARN	TLS certificate errors will be ignored for this session
[Parent 13348, Gecko_IOThread] WARNING: pipe error: 109: file z:/build/build/src/ipc/chromium/src/chrome/common/ipc_channel_win.cc, line 346
[Child 8676, Chrome_ChildThread] WARNING: pipe error: 109: file z:/build/build/src/ipc/chromium/src/chrome/common/ipc_channel_win.cc, line 346
[Child 8676, C[Parent 13348, Gecko_IOThread] WARNING: pipe error: 109: file z:/build/build/src/ipc/chromium/src/chrome/common/ipc_channel_win.cc, line 346
[Parent 13348, Gecko_IOThread] WARNING: pipe error: 109: file z:/build/build/src/ipc/chromium/src/chrome/common/ipc_channel_win.cc, line 346
[Child 19904, Chrome_ChildThread] WARNING: pipe error: 109: file z:/build/build/src/ipc/chromium/src/chrome/common/ipc_channel_win.cc, line 346
[Child 19904, Chrome_ChildThread] WARNING: pipe error: 109: file z:/build/build/*** UTM:SVC TimerManager:registerTimer called after profile-before-change notification. Ignoring timer registration for id: telemetry_modules_ping

###!!! [Child][MessageChannel::SendAndWait] Error: Channel error: cannot send/recv

