1558454313023	geckodriver	INFO	geckodriver 0.20.1
1558454313032	geckodriver	INFO	Listening on 127.0.0.1:51491
1558454316012	mozrunner::runner	INFO	Running command: "C:\\Program Files\\Firefox Developer Edition\\firefox.exe" "-marionette" "-profile" "C:\\Users\\mrl\\AppData\\Local\\Temp\\rust_mozprofile.QcQAeHnD14fn"
Unable to read VR Path Registry from C:\Users\mrl\AppData\Local\openvr\openvrpaths.vrpath
Unable to read VR Path Registry from C:\Users\mrl\AppData\Local\openvr\openvrpaths.vrpath
Unable to read VR Path Registry from C:\Users\mrl\AppData\Local\openvr\openvrpaths.vrpath
Unable to read VR Path Registry from C:\Users\mrl\AppData\Local\openvr\openvrpaths.vrpath
Unable to read VR Path Registry from C:\Users\mrl\AppData\Local\openvr\openvrpaths.vrpath
1558454318775	Marionette	INFO	Listening on port 51502
1558454319127	Marionette	WARN	TLS certificate errors will be ignored for this session
JavaScript error: https://ss1.bdstatic.com/5eN1bjq8AAUYm2zgoY3K/r/www/cache/static/protocol/https/plugins/every_cookie_4644b13.js, line 4: ReferenceError: c is not defined
[Parent 26976, Gecko_IOThread] WARNING: pipe error: 109: file z:/build/build/src/ipc/chromium/src/chrome/common/ipc_channel_win.cc, line 346
[Child 27968, Chrome_ChildThread] WARNING: pipe error: 109: file z:/build/build/src/ipc/chromium/src/chrome/common/ipc_channel_win.cc, line 346
[Child 27968, Chrome_ChildThread] WARNING: pipe error: 109: file z:/build/build/src/ipc/chromium/src/chrome/common/ipc_channel_win.cc, line 346
[Parent 26976, Gecko_IOThread] WARNING: pipe error: 109: file z:/build/build/src/ipc/chromium/src/chrome/common/ipc_channel_win.cc, line 346
[Child 3296, Chrome_ChildThread] WARNING: pipe error: 109: file z:/build/build/src/ipc/chromium/src/chrome/common/ipc_channel_win.cc, line 346
[Child 3296, Chrome_ChildThread] W[Parent 26976, Gecko_IOThread] WARNING: pipe error: 109: file z:/build/build/src/ipc/chromium/src/chrome/common/ipc_channel_win.cc, line 346
[Child 1*** UTM:SVC TimerManager:registerTimer called after profile-before-change notification. Ignoring timer registration for id: telemetry_modules_ping
[GPU 139
###!!! [Child][MessageChannel::SendAndWait] Error: Channel error: cannot send/recv

1558454382816	geckodriver	INFO	geckodriver 0.20.1
1558454382824	geckodriver	INFO	Listening on 127.0.0.1:51650
1558454385837	mozrunner::runner	INFO	Running command: "C:\\Program Files\\Firefox Developer Edition\\firefox.exe" "-marionette" "-profile" "C:\\Users\\mrl\\AppData\\Local\\Temp\\rust_mozprofile.w01JOGGbP3yg"
Unable to read VR Path Registry from C:\Users\mrl\AppData\Local\openvr\openvrpaths.vrpath
Unable to read VR Path Registry from C:\Users\mrl\AppData\Local\openvr\openvrpaths.vrpath
Unable to read VR Path Registry from C:\Users\mrl\AppData\Local\openvr\openvrpaths.vrpath
Unable to read VR Path Registry from C:\Users\mrl\AppData\Local\openvr\openvrpaths.vrpath
Unable to read VR Path Registry from C:\Users\mrl\AppData\Local\openvr\openvrpaths.vrpath
1558454387558	Marionette	INFO	Listening on port 51661
1558454387857	Marionette	WARN	TLS certificate errors will be ignored for this session
JavaScript error: https://ss1.bdstatic.com/5eN1bjq8AAUYm2zgoY3K/r/www/cache/static/protocol/https/plugins/every_cookie_4644b13.js, line 4: ReferenceError: c is not defined
[Parent 30120, Gecko_IOThread] WARNING: pipe error: 109: file z:/build/build/src/ipc/chromium/src/chrome/common/ipc_channel_win.cc, line 346
[Parent 30120, Gecko_IOThread] WARNING: pipe error: 109: file z:/build/build/src/ipc/chromium/src/chrome/common/ipc_channel_win.cc, line 346
[Parent 30120, Gecko_IOThread] WARNING: pipe error: 109: file z:/build/build/src/ipc/chromium/src/chrome/common/ipc_channel_win.cc, line 346
[Child 24820, Chrome_ChildThread] WARNING: pipe error: 109: file z:/build/build/src/ipc/chromium/src/chrome/common/ipc_channel_win.cc, line 346
[Child 24820, Chrome_ChildThread*** UTM:SVC TimerManager:registerTimer called after profile-before-change notification. Ignoring timer registration for id: telemetry_modules_ping

###!!! [Child][MessageChannel::SendAndWait] Error: Channel error: cannot send/recv

1558454405381	geckodriver	INFO	geckodriver 0.20.1
1558454405391	geckodriver	INFO	Listening on 127.0.0.1:51768
1558454408418	mozrunner::runner	INFO	Running command: "C:\\Program Files\\Firefox Developer Edition\\firefox.exe" "-marionette" "-profile" "C:\\Users\\mrl\\AppData\\Local\\Temp\\rust_mozprofile.2KnnR5ciJHnN"
Unable to read VR Path Registry from C:\Users\mrl\AppData\Local\openvr\openvrpaths.vrpath
Unable to read VR Path Registry from C:\Users\mrl\AppData\Local\openvr\openvrpaths.vrpath
Unable to read VR Path Registry from C:\Users\mrl\AppData\Local\openvr\openvrpaths.vrpath
Unable to read VR Path Registry from C:\Users\mrl\AppData\Local\openvr\openvrpaths.vrpath
Unable to read VR Path Registry from C:\Users\mrl\AppData\Local\openvr\openvrpaths.vrpath
1558454410112	Marionette	INFO	Listening on port 51779
1558454410426	Marionette	WARN	TLS certificate errors will be ignored for this session
JavaScript error: https://ss1.bdstatic.com/5eN1bjq8AAUYm2zgoY3K/r/www/cache/static/protocol/https/plugins/every_cookie_4644b13.js, line 4: ReferenceError: c is not defined
[Parent 26512, Gecko_IOThread] WARNING: pipe error: 109: file z:/build/build/src/ipc/chromium/src/chrome/common/ipc_channel_win.cc, line 346
[Child 16516, Chrome_ChildThread] WARNING: pipe error: 109: file z:/build/build/src/ipc/chromium/src/chrome/common/ipc_channel_win.cc, line 346
[Child 16516, *** UTM:SVC TimerManager:registerTimer called after profile-before-change notification. Ignoring timer registration for id: telemetry_modules_ping
[GPU 27792, Chr
###!!! [Child][MessageChannel::SendAndWait] Error: Channel error: cannot send/recv

1558454432568	geckodriver	INFO	geckodriver 0.20.1
1558454432577	geckodriver	INFO	Listening on 127.0.0.1:51879
1558454435613	mozrunner::runner	INFO	Running command: "C:\\Program Files\\Firefox Developer Edition\\firefox.exe" "-marionette" "-profile" "C:\\Users\\mrl\\AppData\\Local\\Temp\\rust_mozprofile.c8XsLSVRgbjO"
Unable to read VR Path Registry from C:\Users\mrl\AppData\Local\openvr\openvrpaths.vrpath
Unable to read VR Path Registry from C:\Users\mrl\AppData\Local\openvr\openvrpaths.vrpath
Unable to read VR Path Registry from C:\Users\mrl\AppData\Local\openvr\openvrpaths.vrpath
Unable to read VR Path Registry from C:\Users\mrl\AppData\Local\openvr\openvrpaths.vrpath
Unable to read VR Path Registry from C:\Users\mrl\AppData\Local\openvr\openvrpaths.vrpath
1558454437304	Marionette	INFO	Listening on port 51890
1558454437622	Marionette	WARN	TLS certificate errors will be ignored for this session
JavaScript error: https://ss1.bdstatic.com/5eN1bjq8AAUYm2zgoY3K/r/www/cache/static/protocol/https/plugins/every_cookie_4644b13.js, line 4: ReferenceError: c is not defined
[Parent 4404, Gecko_IOThread] WARNING: pipe error: 109: file z:/build/build/src/ipc/chromium/src/chrome/common/ipc_channel_win.cc, line 346
[Child 32176, Chrome_ChildThread] WARNING: pipe error: 109: file z:/build/build/src/ipc/chromium/src/chrome/common/ipc_channel_win.cc, line 346
[Child 32176, Chrome_ChildThread] WARNING: pipe error: 109*** UTM:SVC TimerManager:registerTimer called after profile-before-change notification. Ignoring timer registration for id: telemetry_modules_ping
[GPU 17584, Chrome
###!!! [Child][MessageChannel::SendAndWait] Error: Channel error: cannot send/recv

1558454681333	geckodriver	INFO	geckodriver 0.20.1
1558454681346	geckodriver	INFO	Listening on 127.0.0.1:52187
1558454684394	mozrunner::runner	INFO	Running command: "C:\\Program Files\\Firefox Developer Edition\\firefox.exe" "-marionette" "-profile" "C:\\Users\\mrl\\AppData\\Local\\Temp\\rust_mozprofile.fB5SnTu8o7JN"
Unable to read VR Path Registry from C:\Users\mrl\AppData\Local\openvr\openvrpaths.vrpath
Unable to read VR Path Registry from C:\Users\mrl\AppData\Local\openvr\openvrpaths.vrpath
Unable to read VR Path Registry from C:\Users\mrl\AppData\Local\openvr\openvrpaths.vrpath
Unable to read VR Path Registry from C:\Users\mrl\AppData\Local\openvr\openvrpaths.vrpath
Unable to read VR Path Registry from C:\Users\mrl\AppData\Local\openvr\openvrpaths.vrpath
1558454686807	Marionette	INFO	Listening on port 52198
1558454687511	Marionette	WARN	TLS certificate errors will be ignored for this session
JavaScript error: https://ss1.bdstatic.com/5eN1bjq8AAUYm2zgoY3K/r/www/cache/static/protocol/https/plugins/every_cookie_4644b13.js, line 4: ReferenceError: c is not defined
[Child 30460, Chrome_ChildThread] WARNING: pipe error: 109: file z:/build/build/src/ipc/chromium/src/chrome/common/ipc_channel_win.cc, line 346
[Child 30460, Chrome_ChildThread] WARNING: pipe error: 109: file z:/build/build/src/ipc/chromium/src/chrome/common/ipc_channel_win.cc, line 346
[Parent 33116, Gecko_IOThread] WARNING: pipe error: 109: file z:/build/build/src/ipc/chromium/src/chrome/common/ipc_channel_win.cc, line 346
[Child 24876, Chrome_ChildThread] WARNING: pipe error: 109: file z:/build/build/src/ipc/chromium/src/chrome/common/ipc_channel_win.cc, line 346
[Child 24876, Chro[Child 29004, Chrome_ChildThread] WARNING: pipe error: 109: file z:/build/build/src/ipc/chromium/src/chrome/common/ipc_channel_win.cc, line 346
*** UTM:SVC TimerManager:registerTimer called after profile-before-change notification. Ignoring timer registration for id: telemetry_modules_ping
[GPU 17792, C
###!!! [Child][MessageChannel::SendAndWait] Error: Channel error: cannot send/recv

1559541357527	geckodriver	INFO	geckodriver 0.20.1
1559541357575	geckodriver	INFO	Listening on 127.0.0.1:53865
1559541360740	mozrunner::runner	INFO	Running command: "F:\\newfirefox\\firefox.exe" "-marionette" "-profile" "C:\\Users\\mrl\\AppData\\Local\\Temp\\rust_mozprofile.ixiJacJ8m1sQ"
1559541361365	addons.webextension.screenshots@mozilla.org	WARN	Loading extension 'screenshots@mozilla.org': Reading manifest: Invalid extension permission: mozillaAddons
1559541361365	addons.webextension.screenshots@mozilla.org	WARN	Loading extension 'screenshots@mozilla.org': Reading manifest: Invalid extension permission: resource://pdf.js/
1559541361365	addons.webextension.screenshots@mozilla.org	WARN	Loading extension 'screenshots@mozilla.org': Reading manifest: Invalid extension permission: about:reader*
1559541361508	Marionette	TRACE	Received observer notification profile-after-change
1559541361558	Marionette	TRACE	Received observer notification toplevel-window-ready
1559541361641	Marionette	TRACE	Received observer notification command-line-startup
1559541361641	Marionette	TRACE	Received observer notification nsPref:changed
1559541361641	Marionette	DEBUG	Init aborted (running=false, enabled=true, finalUIStartup=false)
1559541361766	Marionette	TRACE	Received observer notification toplevel-window-ready
1559541362852	Marionette	TRACE	Received observer notification marionette-startup-requested
1559541362853	Marionette	TRACE	Waiting until startup recorder finished recording startup scripts...
1559541362862	Marionette	TRACE	All scripts recorded.
1559541362863	Marionette	DEBUG	Setting recommended pref app.update.disabledForTesting to true
1559541362863	Marionette	DEBUG	Setting recommended pref browser.contentblocking.introCount to 99
1559541362863	Marionette	DEBUG	Setting recommended pref browser.newtabpage.enabled to false
1559541362864	Marionette	DEBUG	Setting recommended pref datareporting.policy.dataSubmissionPolicyAccepted to false
1559541362864	Marionette	DEBUG	Setting recommended pref dom.disable_beforeunload to true
1559541362864	Marionette	DEBUG	Setting recommended pref security.certerrors.mitm.priming.enabled to false
1559541362865	Marionette	DEBUG	Setting recommended pref toolkit.cosmeticAnimations.enabled to false
1559541362911	Marionette	INFO	Listening on port 53877
1559541362911	Marionette	DEBUG	Remote service is active
1559541363849	Marionette	DEBUG	Accepted connection 0 from 127.0.0.1:53898
1559541363850	Marionette	DEBUG	0 -> [0,1,"newSession",{"acceptInsecureCerts":true,"browserName":"firefox","capabilities":{"desiredCapabilities":{"acceptInsecureCerts":true,"browserName":"firefox"}}}]
1559541363850	Marionette	DEBUG	0 <- [1,1,{"error":"unknown command","message":"newSession","stacktrace":"WebDriverError@chrome://marionette/content/error.js:179: ... t@chrome://marionette/content/server.js:236:9\n_onJSONObjectReady/<@chrome://marionette/content/transport.js:492:20\n"},null]
[Parent 27984, Gecko_IOThread] WARNING: pipe error: 109: file z:/task_1558035249/build/src/ipc/chromium/src/chrome/common/ipc_channel_win.cc, line 341
[Child 38592, Chrome_ChildThread] WARNING: pipe error: 109: file z:/task_1558035249/build/src/ipc/chromium/src/chrome/common/ipc_channel_win.cc, line 341
[Child 38592, Chrome_ChildThread] WARNING: pipe error: 109: file z:/task_1558035249/bu[Child 8072, Chrome_ChildThread] WARNING: pipe error: 109: file z:/task_1558035249/build/src/ipc/chromium/src/chrome/common/ipc_channel_win.cc, line 341
[Child 8072, Chrome_ChildThread] WARNING: pipe error: 109: file z:/task_1558035249/build/src/ipc/chromium/src/chrome/common/ipc_channel_win.cc, line 341
1559541371098	Marionette	DEBUG	Closed connection 0
1559541371405	Marionette	TRACE	Received observer notification xpcom-will-shutdown
1559541371405	Marionette	DEBUG	Resetting recommended pref app.update.disabledForTesting
1559541371406	Marionette	DEBUG	Resetting recommended pref browser.contentblocking.introCount
1559541371406	Marionette	DEBUG	Resetting recommended pref browser.newtabpage.enabled
1559541371406	Marionette	DEBUG	Resetting recommended pref datareporting.policy.dataSubmissionPolicyAccepted
1559541371406	Marionette	DEBUG	Resetting recommended pref dom.disable_beforeunload
1559541371406	Marionette	DEBUG	Resetting recommended pref security.certerrors.mitm.priming.enabled
1559541371406	Marionette	DEBUG	Resetting recommended pref toolkit.cosmeticAnimations.enabled
1559541371407	Marionette	INFO	Stopped listening on port 53877
1559541371407	Marionette	DEBUG	Remote service is inactive
[